[2026-06-22T18:31:32.788+0000] {processor.py:186} INFO - Started process (PID=161) to work on /opt/airflow/dags/sales_lakehouse_dbt_dag.py
[2026-06-22T18:31:32.789+0000] {processor.py:914} INFO - Processing file /opt/airflow/dags/sales_lakehouse_dbt_dag.py for tasks to queue
[2026-06-22T18:31:32.790+0000] {logging_mixin.py:190} INFO - [2026-06-22T18:31:32.790+0000] {dagbag.py:588} INFO - Filling up the DagBag from /opt/airflow/dags/sales_lakehouse_dbt_dag.py
[2026-06-22T18:31:32.811+0000] {processor.py:925} INFO - DAG(s) 'sales_lakehouse_dbt' retrieved from /opt/airflow/dags/sales_lakehouse_dbt_dag.py
[2026-06-22T18:31:32.847+0000] {logging_mixin.py:190} INFO - [2026-06-22T18:31:32.846+0000] {dag.py:3239} INFO - Sync 1 DAGs
[2026-06-22T18:31:32.868+0000] {logging_mixin.py:190} INFO - [2026-06-22T18:31:32.868+0000] {dag.py:4180} INFO - Setting next_dagrun for sales_lakehouse_dbt to 2026-06-22 00:00:00+00:00, run_after=2026-06-23 00:00:00+00:00
[2026-06-22T18:31:32.884+0000] {processor.py:208} INFO - Processing /opt/airflow/dags/sales_lakehouse_dbt_dag.py took 0.103 seconds
[2026-06-22T18:32:03.015+0000] {processor.py:186} INFO - Started process (PID=166) to work on /opt/airflow/dags/sales_lakehouse_dbt_dag.py
[2026-06-22T18:32:03.017+0000] {processor.py:914} INFO - Processing file /opt/airflow/dags/sales_lakehouse_dbt_dag.py for tasks to queue
[2026-06-22T18:32:03.019+0000] {logging_mixin.py:190} INFO - [2026-06-22T18:32:03.018+0000] {dagbag.py:588} INFO - Filling up the DagBag from /opt/airflow/dags/sales_lakehouse_dbt_dag.py
[2026-06-22T18:32:03.039+0000] {processor.py:925} INFO - DAG(s) 'sales_lakehouse_dbt' retrieved from /opt/airflow/dags/sales_lakehouse_dbt_dag.py
[2026-06-22T18:32:03.066+0000] {logging_mixin.py:190} INFO - [2026-06-22T18:32:03.065+0000] {dag.py:3239} INFO - Sync 1 DAGs
[2026-06-22T18:32:03.087+0000] {logging_mixin.py:190} INFO - [2026-06-22T18:32:03.087+0000] {dag.py:4180} INFO - Setting next_dagrun for sales_lakehouse_dbt to 2026-06-22 00:00:00+00:00, run_after=2026-06-23 00:00:00+00:00
[2026-06-22T18:32:03.099+0000] {processor.py:208} INFO - Processing /opt/airflow/dags/sales_lakehouse_dbt_dag.py took 0.096 seconds
[2026-06-22T18:32:33.342+0000] {processor.py:186} INFO - Started process (PID=171) to work on /opt/airflow/dags/sales_lakehouse_dbt_dag.py
[2026-06-22T18:32:33.345+0000] {processor.py:914} INFO - Processing file /opt/airflow/dags/sales_lakehouse_dbt_dag.py for tasks to queue
[2026-06-22T18:32:33.347+0000] {logging_mixin.py:190} INFO - [2026-06-22T18:32:33.347+0000] {dagbag.py:588} INFO - Filling up the DagBag from /opt/airflow/dags/sales_lakehouse_dbt_dag.py
[2026-06-22T18:32:33.372+0000] {processor.py:925} INFO - DAG(s) 'sales_lakehouse_dbt' retrieved from /opt/airflow/dags/sales_lakehouse_dbt_dag.py
[2026-06-22T18:32:33.406+0000] {logging_mixin.py:190} INFO - [2026-06-22T18:32:33.405+0000] {dag.py:3239} INFO - Sync 1 DAGs
[2026-06-22T18:32:33.420+0000] {logging_mixin.py:190} INFO - [2026-06-22T18:32:33.420+0000] {dag.py:4180} INFO - Setting next_dagrun for sales_lakehouse_dbt to 2026-06-22 00:00:00+00:00, run_after=2026-06-23 00:00:00+00:00
[2026-06-22T18:32:33.429+0000] {processor.py:208} INFO - Processing /opt/airflow/dags/sales_lakehouse_dbt_dag.py took 0.103 seconds
[2026-06-22T18:33:03.669+0000] {processor.py:186} INFO - Started process (PID=176) to work on /opt/airflow/dags/sales_lakehouse_dbt_dag.py
[2026-06-22T18:33:03.671+0000] {processor.py:914} INFO - Processing file /opt/airflow/dags/sales_lakehouse_dbt_dag.py for tasks to queue
[2026-06-22T18:33:03.672+0000] {logging_mixin.py:190} INFO - [2026-06-22T18:33:03.671+0000] {dagbag.py:588} INFO - Filling up the DagBag from /opt/airflow/dags/sales_lakehouse_dbt_dag.py
[2026-06-22T18:33:03.692+0000] {processor.py:925} INFO - DAG(s) 'sales_lakehouse_dbt' retrieved from /opt/airflow/dags/sales_lakehouse_dbt_dag.py
[2026-06-22T18:33:03.723+0000] {logging_mixin.py:190} INFO - [2026-06-22T18:33:03.723+0000] {dag.py:3239} INFO - Sync 1 DAGs
[2026-06-22T18:33:03.740+0000] {logging_mixin.py:190} INFO - [2026-06-22T18:33:03.740+0000] {dag.py:4180} INFO - Setting next_dagrun for sales_lakehouse_dbt to 2026-06-22 00:00:00+00:00, run_after=2026-06-23 00:00:00+00:00
[2026-06-22T18:33:03.752+0000] {processor.py:208} INFO - Processing /opt/airflow/dags/sales_lakehouse_dbt_dag.py took 0.092 seconds
[2026-06-22T18:33:34.016+0000] {processor.py:186} INFO - Started process (PID=181) to work on /opt/airflow/dags/sales_lakehouse_dbt_dag.py
[2026-06-22T18:33:34.018+0000] {processor.py:914} INFO - Processing file /opt/airflow/dags/sales_lakehouse_dbt_dag.py for tasks to queue
[2026-06-22T18:33:34.020+0000] {logging_mixin.py:190} INFO - [2026-06-22T18:33:34.019+0000] {dagbag.py:588} INFO - Filling up the DagBag from /opt/airflow/dags/sales_lakehouse_dbt_dag.py
[2026-06-22T18:33:34.042+0000] {processor.py:925} INFO - DAG(s) 'sales_lakehouse_dbt' retrieved from /opt/airflow/dags/sales_lakehouse_dbt_dag.py
[2026-06-22T18:33:34.083+0000] {logging_mixin.py:190} INFO - [2026-06-22T18:33:34.082+0000] {dag.py:3239} INFO - Sync 1 DAGs
[2026-06-22T18:33:34.114+0000] {logging_mixin.py:190} INFO - [2026-06-22T18:33:34.114+0000] {dag.py:4180} INFO - Setting next_dagrun for sales_lakehouse_dbt to 2026-06-22 00:00:00+00:00, run_after=2026-06-23 00:00:00+00:00
[2026-06-22T18:33:34.129+0000] {processor.py:208} INFO - Processing /opt/airflow/dags/sales_lakehouse_dbt_dag.py took 0.122 seconds
[2026-06-22T18:34:04.327+0000] {processor.py:186} INFO - Started process (PID=186) to work on /opt/airflow/dags/sales_lakehouse_dbt_dag.py
[2026-06-22T18:34:04.330+0000] {processor.py:914} INFO - Processing file /opt/airflow/dags/sales_lakehouse_dbt_dag.py for tasks to queue
[2026-06-22T18:34:04.334+0000] {logging_mixin.py:190} INFO - [2026-06-22T18:34:04.334+0000] {dagbag.py:588} INFO - Filling up the DagBag from /opt/airflow/dags/sales_lakehouse_dbt_dag.py
[2026-06-22T18:34:04.361+0000] {processor.py:925} INFO - DAG(s) 'sales_lakehouse_dbt' retrieved from /opt/airflow/dags/sales_lakehouse_dbt_dag.py
[2026-06-22T18:34:04.389+0000] {logging_mixin.py:190} INFO - [2026-06-22T18:34:04.389+0000] {dag.py:3239} INFO - Sync 1 DAGs
[2026-06-22T18:34:04.414+0000] {logging_mixin.py:190} INFO - [2026-06-22T18:34:04.414+0000] {dag.py:4180} INFO - Setting next_dagrun for sales_lakehouse_dbt to 2026-06-22 00:00:00+00:00, run_after=2026-06-23 00:00:00+00:00
[2026-06-22T18:34:04.429+0000] {processor.py:208} INFO - Processing /opt/airflow/dags/sales_lakehouse_dbt_dag.py took 0.118 seconds
[2026-06-22T18:34:34.742+0000] {processor.py:186} INFO - Started process (PID=191) to work on /opt/airflow/dags/sales_lakehouse_dbt_dag.py
[2026-06-22T18:34:34.744+0000] {processor.py:914} INFO - Processing file /opt/airflow/dags/sales_lakehouse_dbt_dag.py for tasks to queue
[2026-06-22T18:34:34.746+0000] {logging_mixin.py:190} INFO - [2026-06-22T18:34:34.745+0000] {dagbag.py:588} INFO - Filling up the DagBag from /opt/airflow/dags/sales_lakehouse_dbt_dag.py
[2026-06-22T18:34:34.768+0000] {processor.py:925} INFO - DAG(s) 'sales_lakehouse_dbt' retrieved from /opt/airflow/dags/sales_lakehouse_dbt_dag.py
[2026-06-22T18:34:34.802+0000] {logging_mixin.py:190} INFO - [2026-06-22T18:34:34.802+0000] {dag.py:3239} INFO - Sync 1 DAGs
[2026-06-22T18:34:34.829+0000] {logging_mixin.py:190} INFO - [2026-06-22T18:34:34.829+0000] {dag.py:4180} INFO - Setting next_dagrun for sales_lakehouse_dbt to 2026-06-22 00:00:00+00:00, run_after=2026-06-23 00:00:00+00:00
[2026-06-22T18:34:34.844+0000] {processor.py:208} INFO - Processing /opt/airflow/dags/sales_lakehouse_dbt_dag.py took 0.109 seconds
[2026-06-22T18:35:05.066+0000] {processor.py:186} INFO - Started process (PID=196) to work on /opt/airflow/dags/sales_lakehouse_dbt_dag.py
[2026-06-22T18:35:05.067+0000] {processor.py:914} INFO - Processing file /opt/airflow/dags/sales_lakehouse_dbt_dag.py for tasks to queue
[2026-06-22T18:35:05.068+0000] {logging_mixin.py:190} INFO - [2026-06-22T18:35:05.068+0000] {dagbag.py:588} INFO - Filling up the DagBag from /opt/airflow/dags/sales_lakehouse_dbt_dag.py
[2026-06-22T18:35:05.084+0000] {processor.py:925} INFO - DAG(s) 'sales_lakehouse_dbt' retrieved from /opt/airflow/dags/sales_lakehouse_dbt_dag.py
[2026-06-22T18:35:05.114+0000] {logging_mixin.py:190} INFO - [2026-06-22T18:35:05.114+0000] {dag.py:3239} INFO - Sync 1 DAGs
[2026-06-22T18:35:05.133+0000] {logging_mixin.py:190} INFO - [2026-06-22T18:35:05.132+0000] {dag.py:4180} INFO - Setting next_dagrun for sales_lakehouse_dbt to 2026-06-22 00:00:00+00:00, run_after=2026-06-23 00:00:00+00:00
[2026-06-22T18:35:05.143+0000] {processor.py:208} INFO - Processing /opt/airflow/dags/sales_lakehouse_dbt_dag.py took 0.085 seconds
[2026-06-22T18:35:35.429+0000] {processor.py:186} INFO - Started process (PID=201) to work on /opt/airflow/dags/sales_lakehouse_dbt_dag.py
[2026-06-22T18:35:35.431+0000] {processor.py:914} INFO - Processing file /opt/airflow/dags/sales_lakehouse_dbt_dag.py for tasks to queue
[2026-06-22T18:35:35.432+0000] {logging_mixin.py:190} INFO - [2026-06-22T18:35:35.432+0000] {dagbag.py:588} INFO - Filling up the DagBag from /opt/airflow/dags/sales_lakehouse_dbt_dag.py
[2026-06-22T18:35:35.448+0000] {processor.py:925} INFO - DAG(s) 'sales_lakehouse_dbt' retrieved from /opt/airflow/dags/sales_lakehouse_dbt_dag.py
[2026-06-22T18:35:35.476+0000] {logging_mixin.py:190} INFO - [2026-06-22T18:35:35.476+0000] {dag.py:3239} INFO - Sync 1 DAGs
[2026-06-22T18:35:35.492+0000] {logging_mixin.py:190} INFO - [2026-06-22T18:35:35.492+0000] {dag.py:4180} INFO - Setting next_dagrun for sales_lakehouse_dbt to 2026-06-22 00:00:00+00:00, run_after=2026-06-23 00:00:00+00:00
[2026-06-22T18:35:35.503+0000] {processor.py:208} INFO - Processing /opt/airflow/dags/sales_lakehouse_dbt_dag.py took 0.081 seconds
[2026-06-22T18:36:05.707+0000] {processor.py:186} INFO - Started process (PID=206) to work on /opt/airflow/dags/sales_lakehouse_dbt_dag.py
[2026-06-22T18:36:05.708+0000] {processor.py:914} INFO - Processing file /opt/airflow/dags/sales_lakehouse_dbt_dag.py for tasks to queue
[2026-06-22T18:36:05.710+0000] {logging_mixin.py:190} INFO - [2026-06-22T18:36:05.709+0000] {dagbag.py:588} INFO - Filling up the DagBag from /opt/airflow/dags/sales_lakehouse_dbt_dag.py
[2026-06-22T18:36:05.735+0000] {processor.py:925} INFO - DAG(s) 'sales_lakehouse_dbt' retrieved from /opt/airflow/dags/sales_lakehouse_dbt_dag.py
[2026-06-22T18:36:05.771+0000] {logging_mixin.py:190} INFO - [2026-06-22T18:36:05.770+0000] {dag.py:3239} INFO - Sync 1 DAGs
[2026-06-22T18:36:05.802+0000] {logging_mixin.py:190} INFO - [2026-06-22T18:36:05.802+0000] {dag.py:4180} INFO - Setting next_dagrun for sales_lakehouse_dbt to 2026-06-22 00:00:00+00:00, run_after=2026-06-23 00:00:00+00:00
[2026-06-22T18:36:05.828+0000] {processor.py:208} INFO - Processing /opt/airflow/dags/sales_lakehouse_dbt_dag.py took 0.131 seconds
[2026-06-22T18:36:36.061+0000] {processor.py:186} INFO - Started process (PID=211) to work on /opt/airflow/dags/sales_lakehouse_dbt_dag.py
[2026-06-22T18:36:36.063+0000] {processor.py:914} INFO - Processing file /opt/airflow/dags/sales_lakehouse_dbt_dag.py for tasks to queue
[2026-06-22T18:36:36.064+0000] {logging_mixin.py:190} INFO - [2026-06-22T18:36:36.064+0000] {dagbag.py:588} INFO - Filling up the DagBag from /opt/airflow/dags/sales_lakehouse_dbt_dag.py
[2026-06-22T18:36:36.090+0000] {processor.py:925} INFO - DAG(s) 'sales_lakehouse_dbt' retrieved from /opt/airflow/dags/sales_lakehouse_dbt_dag.py
[2026-06-22T18:36:36.116+0000] {logging_mixin.py:190} INFO - [2026-06-22T18:36:36.116+0000] {dag.py:3239} INFO - Sync 1 DAGs
[2026-06-22T18:36:36.133+0000] {logging_mixin.py:190} INFO - [2026-06-22T18:36:36.133+0000] {dag.py:4180} INFO - Setting next_dagrun for sales_lakehouse_dbt to 2026-06-22 00:00:00+00:00, run_after=2026-06-23 00:00:00+00:00
[2026-06-22T18:36:36.145+0000] {processor.py:208} INFO - Processing /opt/airflow/dags/sales_lakehouse_dbt_dag.py took 0.092 seconds
[2026-06-22T18:37:06.335+0000] {processor.py:186} INFO - Started process (PID=216) to work on /opt/airflow/dags/sales_lakehouse_dbt_dag.py
[2026-06-22T18:37:06.336+0000] {processor.py:914} INFO - Processing file /opt/airflow/dags/sales_lakehouse_dbt_dag.py for tasks to queue
[2026-06-22T18:37:06.338+0000] {logging_mixin.py:190} INFO - [2026-06-22T18:37:06.337+0000] {dagbag.py:588} INFO - Filling up the DagBag from /opt/airflow/dags/sales_lakehouse_dbt_dag.py
[2026-06-22T18:37:06.355+0000] {processor.py:925} INFO - DAG(s) 'sales_lakehouse_dbt' retrieved from /opt/airflow/dags/sales_lakehouse_dbt_dag.py
[2026-06-22T18:37:06.385+0000] {logging_mixin.py:190} INFO - [2026-06-22T18:37:06.385+0000] {dag.py:3239} INFO - Sync 1 DAGs
[2026-06-22T18:37:06.403+0000] {logging_mixin.py:190} INFO - [2026-06-22T18:37:06.402+0000] {dag.py:4180} INFO - Setting next_dagrun for sales_lakehouse_dbt to 2026-06-22 00:00:00+00:00, run_after=2026-06-23 00:00:00+00:00
[2026-06-22T18:37:06.414+0000] {processor.py:208} INFO - Processing /opt/airflow/dags/sales_lakehouse_dbt_dag.py took 0.085 seconds
[2026-06-22T18:39:38.221+0000] {processor.py:186} INFO - Started process (PID=160) to work on /opt/airflow/dags/sales_lakehouse_dbt_dag.py
[2026-06-22T18:39:38.224+0000] {processor.py:914} INFO - Processing file /opt/airflow/dags/sales_lakehouse_dbt_dag.py for tasks to queue
[2026-06-22T18:39:38.226+0000] {logging_mixin.py:190} INFO - [2026-06-22T18:39:38.226+0000] {dagbag.py:588} INFO - Filling up the DagBag from /opt/airflow/dags/sales_lakehouse_dbt_dag.py
[2026-06-22T18:39:38.265+0000] {processor.py:925} INFO - DAG(s) 'sales_lakehouse_dbt' retrieved from /opt/airflow/dags/sales_lakehouse_dbt_dag.py
[2026-06-22T18:39:38.553+0000] {logging_mixin.py:190} INFO - [2026-06-22T18:39:38.552+0000] {override.py:1932} INFO - Created Permission View: can delete on DAG:sales_lakehouse_dbt
[2026-06-22T18:39:38.567+0000] {logging_mixin.py:190} INFO - [2026-06-22T18:39:38.567+0000] {override.py:1932} INFO - Created Permission View: can edit on DAG:sales_lakehouse_dbt
[2026-06-22T18:39:38.572+0000] {logging_mixin.py:190} INFO - [2026-06-22T18:39:38.571+0000] {override.py:1932} INFO - Created Permission View: can read on DAG:sales_lakehouse_dbt
[2026-06-22T18:39:38.576+0000] {logging_mixin.py:190} INFO - [2026-06-22T18:39:38.576+0000] {override.py:1932} INFO - Created Permission View: can create on DAG Run:sales_lakehouse_dbt
[2026-06-22T18:39:38.580+0000] {logging_mixin.py:190} INFO - [2026-06-22T18:39:38.580+0000] {override.py:1932} INFO - Created Permission View: can delete on DAG Run:sales_lakehouse_dbt
[2026-06-22T18:39:38.584+0000] {logging_mixin.py:190} INFO - [2026-06-22T18:39:38.584+0000] {override.py:1932} INFO - Created Permission View: menu access on DAG Run:sales_lakehouse_dbt
[2026-06-22T18:39:38.588+0000] {logging_mixin.py:190} INFO - [2026-06-22T18:39:38.588+0000] {override.py:1932} INFO - Created Permission View: can read on DAG Run:sales_lakehouse_dbt
[2026-06-22T18:39:38.588+0000] {logging_mixin.py:190} INFO - [2026-06-22T18:39:38.588+0000] {dag.py:3239} INFO - Sync 1 DAGs
[2026-06-22T18:39:38.596+0000] {logging_mixin.py:190} INFO - [2026-06-22T18:39:38.596+0000] {dag.py:3262} INFO - Creating ORM DAG for sales_lakehouse_dbt
[2026-06-22T18:39:38.603+0000] {logging_mixin.py:190} INFO - [2026-06-22T18:39:38.603+0000] {dag.py:4180} INFO - Setting next_dagrun for sales_lakehouse_dbt to 2026-06-21 00:00:00+00:00, run_after=2026-06-22 00:00:00+00:00
[2026-06-22T18:39:38.623+0000] {processor.py:208} INFO - Processing /opt/airflow/dags/sales_lakehouse_dbt_dag.py took 0.427 seconds
